# JRE version: OpenJDK Runtime Environment (11.0.10) (build 11.0.10+0-b96-7249189)
# Java VM: OpenJDK 64-Bit Server VM (11.0.10+0-b96-7249189, mixed mode, tiered, compressed oops, g1 gc, windows-amd64)
Heap:
 garbage-first heap   total 187392K, used 96050K [0x0000000080000000, 0x0000000100000000)
  region size 1024K, 9 young (9216K), 5 survivors (5120K)
 Metaspace       used 100619K, capacity 102840K, committed 103040K, reserved 1138688K
  class space    used 12548K, capacity 13359K, committed 13440K, reserved 1048576K
GC Heap History (20 events):
Event: 16.866 GC heap before
{Heap before GC invocations=29 (full 0):
 garbage-first heap   total 187392K, used 105599K [0x0000000080000000, 0x0000000100000000)
  region size 1024K, 18 young (18432K), 6 survivors (6144K)
 Metaspace       used 87024K, capacity 89180K, committed 89472K, reserved 1126400K
  class space    used 11203K, capacity 12019K, committed 12160K, reserved 1048576K
}
Event: 16.873 GC heap after
{Heap after GC invocations=30 (full 0):
 garbage-first heap   total 187392K, used 97485K [0x0000000080000000, 0x0000000100000000)
  region size 1024K, 3 young (3072K), 3 survivors (3072K)
 Metaspace       used 87024K, capacity 89180K, committed 89472K, reserved 1126400K
  class space    used 11203K, capacity 12019K, committed 12160K, reserved 1048576K
}
Event: 17.804 GC heap before
{Heap before GC invocations=31 (full 0):
 garbage-first heap   total 187392K, used 141517K [0x0000000080000000, 0x0000000100000000)
  region size 1024K, 38 young (38912K), 3 survivors (3072K)
 Metaspace       used 88996K, capacity 91078K, committed 91776K, reserved 1128448K
  class space    used 11412K, capacity 12175K, committed 12416K, reserved 1048576K
}
Event: 17.810 GC heap after
{Heap after GC invocations=32 (full 0):
 garbage-first heap   total 187392K, used 99679K [0x0000000080000000, 0x0000000100000000)
  region size 1024K, 5 young (5120K), 5 survivors (5120K)
 Metaspace       used 88996K, capacity 91078K, committed 91776K, reserved 1128448K
  class space    used 11412K, capacity 12175K, committed 12416K, reserved 1048576K
}
Event: 18.042 GC heap before
{Heap before GC invocations=32 (full 0):
 garbage-first heap   total 187392K, used 137567K [0x0000000080000000, 0x0000000100000000)
  region size 1024K, 42 young (43008K), 5 survivors (5120K)
 Metaspace       used 89004K, capacity 91078K, committed 91776K, reserved 1128448K
  class space    used 11412K, capacity 12175K, committed 12416K, reserved 1048576K
}
Event: 18.047 GC heap after
{Heap after GC invocations=33 (full 0):
 garbage-first heap   total 187392K, used 100264K [0x0000000080000000, 0x0000000100000000)
  region size 1024K, 1 young (1024K), 1 survivors (1024K)
 Metaspace       used 89004K, capacity 91078K, committed 91776K, reserved 1128448K
  class space    used 11412K, capacity 12175K, committed 12416K, reserved 1048576K
}
Event: 18.270 GC heap before
{Heap before GC invocations=34 (full 0):
 garbage-first heap   total 187392K, used 120744K [0x0000000080000000, 0x0000000100000000)
  region size 1024K, 22 young (22528K), 1 survivors (1024K)
 Metaspace       used 89090K, capacity 91148K, committed 91776K, reserved 1128448K
  class space    used 11420K, capacity 12177K, committed 12416K, reserved 1048576K
}
Event: 18.280 GC heap after
{Heap after GC invocations=35 (full 0):
 garbage-first heap   total 187392K, used 103896K [0x0000000080000000, 0x0000000100000000)
  region size 1024K, 5 young (5120K), 5 survivors (5120K)
 Metaspace       used 89090K, capacity 91148K, committed 91776K, reserved 1128448K
  class space    used 11420K, capacity 12177K, committed 12416K, reserved 1048576K
}
Event: 18.837 GC heap before
{Heap before GC invocations=36 (full 0):
 garbage-first heap   total 187392K, used 157144K [0x0000000080000000, 0x0000000100000000)
  region size 1024K, 43 young (44032K), 5 survivors (5120K)
 Metaspace       used 92198K, capacity 94319K, committed 94848K, reserved 1132544K
  class space    used 11657K, capacity 12422K, committed 12672K, reserved 1048576K
}
Event: 18.840 GC heap after
{Heap after GC invocations=37 (full 0):
 garbage-first heap   total 187392K, used 104701K [0x0000000080000000, 0x0000000100000000)
  region size 1024K, 5 young (5120K), 5 survivors (5120K)
 Metaspace       used 92198K, capacity 94319K, committed 94848K, reserved 1132544K
  class space    used 11657K, capacity 12422K, committed 12672K, reserved 1048576K
}
Event: 19.057 GC heap before
{Heap before GC invocations=37 (full 0):
 garbage-first heap   total 187392K, used 144637K [0x0000000080000000, 0x0000000100000000)
  region size 1024K, 45 young (46080K), 5 survivors (5120K)
 Metaspace       used 93197K, capacity 95343K, committed 95872K, reserved 1132544K
  class space    used 11729K, capacity 12486K, committed 12672K, reserved 1048576K
}
Event: 19.070 GC heap after
{Heap after GC invocations=38 (full 0):
 garbage-first heap   total 187392K, used 106678K [0x0000000080000000, 0x0000000100000000)
  region size 1024K, 3 young (3072K), 3 survivors (3072K)
 Metaspace       used 93197K, capacity 95343K, committed 95872K, reserved 1132544K
  class space    used 11729K, capacity 12486K, committed 12672K, reserved 1048576K
}
Event: 19.484 GC heap before
{Heap before GC invocations=39 (full 0):
 garbage-first heap   total 187392K, used 139446K [0x0000000080000000, 0x0000000100000000)
  region size 1024K, 44 young (45056K), 3 survivors (3072K)
 Metaspace       used 94490K, capacity 96621K, committed 97024K, reserved 1134592K
  class space    used 11848K, capacity 12610K, committed 12800K, reserved 1048576K
}
Event: 19.488 GC heap after
{Heap after GC invocations=40 (full 0):
 garbage-first heap   total 187392K, used 97335K [0x0000000080000000, 0x0000000100000000)
  region size 1024K, 3 young (3072K), 3 survivors (3072K)
 Metaspace       used 94490K, capacity 96621K, committed 97024K, reserved 1134592K
  class space    used 11848K, capacity 12610K, committed 12800K, reserved 1048576K
}
Event: 19.622 GC heap before
{Heap before GC invocations=40 (full 0):
 garbage-first heap   total 187392K, used 102455K [0x0000000080000000, 0x0000000100000000)
  region size 1024K, 9 young (9216K), 3 survivors (3072K)
 Metaspace       used 94739K, capacity 96848K, committed 97280K, reserved 1134592K
  class space    used 11881K, capacity 12643K, committed 12800K, reserved 1048576K
}
Event: 19.625 GC heap after
{Heap after GC invocations=41 (full 0):
 garbage-first heap   total 187392K, used 89585K [0x0000000080000000, 0x0000000100000000)
  region size 1024K, 2 young (2048K), 2 survivors (2048K)
 Metaspace       used 94739K, capacity 96848K, committed 97280K, reserved 1134592K
  class space    used 11881K, capacity 12643K, committed 12800K, reserved 1048576K
}
Event: 20.782 GC heap before
{Heap before GC invocations=41 (full 0):
 garbage-first heap   total 187392K, used 143857K [0x0000000080000000, 0x0000000100000000)
  region size 1024K, 56 young (57344K), 2 survivors (2048K)
 Metaspace       used 97238K, capacity 99456K, committed 99584K, reserved 1136640K
  class space    used 12133K, capacity 12936K, committed 13056K, reserved 1048576K
}
Event: 20.788 GC heap after
{Heap after GC invocations=42 (full 0):
 garbage-first heap   total 187392K, used 91576K [0x0000000080000000, 0x0000000100000000)
  region size 1024K, 4 young (4096K), 4 survivors (4096K)
 Metaspace       used 97238K, capacity 99456K, committed 99584K, reserved 1136640K
  class space    used 12133K, capacity 12936K, committed 13056K, reserved 1048576K
}
Event: 21.551 GC heap before
{Heap before GC invocations=43 (full 0):
 garbage-first heap   total 187392K, used 146872K [0x0000000080000000, 0x0000000100000000)
  region size 1024K, 59 young (60416K), 4 survivors (4096K)
 Metaspace       used 100517K, capacity 102709K, committed 103040K, reserved 1138688K
  class space    used 12544K, capacity 13358K, committed 13440K, reserved 1048576K
}
Event: 21.557 GC heap after
{Heap after GC invocations=44 (full 0):
 garbage-first heap   total 187392K, used 92978K [0x0000000080000000, 0x0000000100000000)
  region size 1024K, 5 young (5120K), 5 survivors (5120K)
 Metaspace       used 100517K, capacity 102709K, committed 103040K, reserved 1138688K
  class space    used 12544K, capacity 13358K, committed 13440K, reserved 1048576K
}

