# JRE version: OpenJDK Runtime Environment (11.0.10) (build 11.0.10+0-b96-7249189)
# Java VM: OpenJDK 64-Bit Server VM (11.0.10+0-b96-7249189, mixed mode, tiered, compressed oops, g1 gc, windows-amd64)
Heap:
 garbage-first heap   total 225280K, used 178008K [0x0000000080000000, 0x0000000100000000)
  region size 1024K, 24 young (24576K), 1 survivors (1024K)
 Metaspace       used 124534K, capacity 127844K, committed 128128K, reserved 1161216K
  class space    used 15740K, capacity 16938K, committed 17024K, reserved 1048576K
GC Heap History (20 events):
Event: 1049.260 GC heap before
{Heap before GC invocations=46 (full 0):
 garbage-first heap   total 225280K, used 156213K [0x0000000080000000, 0x0000000100000000)
  region size 1024K, 40 young (40960K), 7 survivors (7168K)
 Metaspace       used 117299K, capacity 120376K, committed 120576K, reserved 1153024K
  class space    used 14926K, capacity 16042K, committed 16128K, reserved 1048576K
}
Event: 1049.283 GC heap after
{Heap after GC invocations=47 (full 0):
 garbage-first heap   total 225280K, used 127426K [0x0000000080000000, 0x0000000100000000)
  region size 1024K, 7 young (7168K), 7 survivors (7168K)
 Metaspace       used 117299K, capacity 120376K, committed 120576K, reserved 1153024K
  class space    used 14926K, capacity 16042K, committed 16128K, reserved 1048576K
}
Event: 1049.499 GC heap before
{Heap before GC invocations=48 (full 0):
 garbage-first heap   total 225280K, used 171458K [0x0000000080000000, 0x0000000100000000)
  region size 1024K, 24 young (24576K), 7 survivors (7168K)
 Metaspace       used 117341K, capacity 120461K, committed 120576K, reserved 1153024K
  class space    used 14928K, capacity 16046K, committed 16128K, reserved 1048576K
}
Event: 1049.515 GC heap after
{Heap after GC invocations=49 (full 0):
 garbage-first heap   total 225280K, used 127847K [0x0000000080000000, 0x0000000100000000)
  region size 1024K, 5 young (5120K), 5 survivors (5120K)
 Metaspace       used 117341K, capacity 120461K, committed 120576K, reserved 1153024K
  class space    used 14928K, capacity 16046K, committed 16128K, reserved 1048576K
}
Event: 1051.833 GC heap before
{Heap before GC invocations=50 (full 0):
 garbage-first heap   total 225280K, used 193383K [0x0000000080000000, 0x0000000100000000)
  region size 1024K, 63 young (64512K), 5 survivors (5120K)
 Metaspace       used 119382K, capacity 122534K, committed 122624K, reserved 1155072K
  class space    used 15215K, capacity 16352K, committed 16384K, reserved 1048576K
}
Event: 1051.840 GC heap after
{Heap after GC invocations=51 (full 0):
 garbage-first heap   total 225280K, used 132220K [0x0000000080000000, 0x0000000100000000)
  region size 1024K, 8 young (8192K), 8 survivors (8192K)
 Metaspace       used 119382K, capacity 122534K, committed 122624K, reserved 1155072K
  class space    used 15215K, capacity 16352K, committed 16384K, reserved 1048576K
}
Event: 1051.962 GC heap before
{Heap before GC invocations=51 (full 0):
 garbage-first heap   total 225280K, used 134267K [0x0000000080000000, 0x0000000100000000)
  region size 1024K, 11 young (11264K), 8 survivors (8192K)
 Metaspace       used 119386K, capacity 122535K, committed 122624K, reserved 1155072K
  class space    used 15215K, capacity 16352K, committed 16384K, reserved 1048576K
}
Event: 1051.968 GC heap after
{Heap after GC invocations=52 (full 0):
 garbage-first heap   total 225280K, used 130821K [0x0000000080000000, 0x0000000100000000)
  region size 1024K, 2 young (2048K), 2 survivors (2048K)
 Metaspace       used 119386K, capacity 122535K, committed 122624K, reserved 1155072K
  class space    used 15215K, capacity 16352K, committed 16384K, reserved 1048576K
}
Event: 1055.668 GC heap before
{Heap before GC invocations=52 (full 0):
 garbage-first heap   total 225280K, used 186117K [0x0000000080000000, 0x0000000100000000)
  region size 1024K, 57 young (58368K), 2 survivors (2048K)
 Metaspace       used 121527K, capacity 124772K, committed 124928K, reserved 1157120K
  class space    used 15430K, capacity 16618K, committed 16640K, reserved 1048576K
}
Event: 1055.679 GC heap after
{Heap after GC invocations=53 (full 0):
 garbage-first heap   total 225280K, used 132471K [0x0000000080000000, 0x0000000100000000)
  region size 1024K, 3 young (3072K), 3 survivors (3072K)
 Metaspace       used 121527K, capacity 124772K, committed 124928K, reserved 1157120K
  class space    used 15430K, capacity 16618K, committed 16640K, reserved 1048576K
}
Event: 1056.624 GC heap before
{Heap before GC invocations=54 (full 0):
 garbage-first heap   total 225280K, used 190839K [0x0000000080000000, 0x0000000100000000)
  region size 1024K, 58 young (59392K), 3 survivors (3072K)
 Metaspace       used 121792K, capacity 125028K, committed 125184K, reserved 1157120K
  class space    used 15430K, capacity 16618K, committed 16640K, reserved 1048576K
}
Event: 1056.649 GC heap after
{Heap after GC invocations=55 (full 0):
 garbage-first heap   total 225280K, used 149993K [0x0000000080000000, 0x0000000100000000)
  region size 1024K, 8 young (8192K), 8 survivors (8192K)
 Metaspace       used 121792K, capacity 125028K, committed 125184K, reserved 1157120K
  class space    used 15430K, capacity 16618K, committed 16640K, reserved 1048576K
}
Event: 1056.703 GC heap before
{Heap before GC invocations=55 (full 0):
 garbage-first heap   total 225280K, used 153065K [0x0000000080000000, 0x0000000100000000)
  region size 1024K, 11 young (11264K), 8 survivors (8192K)
 Metaspace       used 121811K, capacity 125028K, committed 125184K, reserved 1157120K
  class space    used 15430K, capacity 16618K, committed 16640K, reserved 1048576K
}
Event: 1056.711 GC heap after
{Heap after GC invocations=56 (full 0):
 garbage-first heap   total 225280K, used 151333K [0x0000000080000000, 0x0000000100000000)
  region size 1024K, 1 young (1024K), 1 survivors (1024K)
 Metaspace       used 121811K, capacity 125028K, committed 125184K, reserved 1157120K
  class space    used 15430K, capacity 16618K, committed 16640K, reserved 1048576K
}
Event: 1057.114 GC heap before
{Heap before GC invocations=56 (full 0):
 garbage-first heap   total 225280K, used 172837K [0x0000000080000000, 0x0000000100000000)
  region size 1024K, 23 young (23552K), 1 survivors (1024K)
 Metaspace       used 122350K, capacity 125633K, committed 125824K, reserved 1159168K
  class space    used 15473K, capacity 16671K, committed 16768K, reserved 1048576K
}
Event: 1057.122 GC heap after
{Heap after GC invocations=57 (full 0):
 garbage-first heap   total 225280K, used 152388K [0x0000000080000000, 0x0000000100000000)
  region size 1024K, 2 young (2048K), 2 survivors (2048K)
 Metaspace       used 122350K, capacity 125633K, committed 125824K, reserved 1159168K
  class space    used 15473K, capacity 16671K, committed 16768K, reserved 1048576K
}
Event: 1058.176 GC heap before
{Heap before GC invocations=58 (full 0):
 garbage-first heap   total 225280K, used 195396K [0x0000000080000000, 0x0000000100000000)
  region size 1024K, 36 young (36864K), 2 survivors (2048K)
 Metaspace       used 124443K, capacity 127774K, committed 127872K, reserved 1161216K
  class space    used 15732K, capacity 16936K, committed 17024K, reserved 1048576K
}
Event: 1058.200 GC heap after
{Heap after GC invocations=59 (full 0):
 garbage-first heap   total 225280K, used 154892K [0x0000000080000000, 0x0000000100000000)
  region size 1024K, 5 young (5120K), 5 survivors (5120K)
 Metaspace       used 124443K, capacity 127774K, committed 127872K, reserved 1161216K
  class space    used 15732K, capacity 16936K, committed 17024K, reserved 1048576K
}
Event: 1058.402 GC heap before
{Heap before GC invocations=59 (full 0):
 garbage-first heap   total 225280K, used 188684K [0x0000000080000000, 0x0000000100000000)
  region size 1024K, 38 young (38912K), 5 survivors (5120K)
 Metaspace       used 124459K, capacity 127774K, committed 127872K, reserved 1161216K
  class space    used 15732K, capacity 16936K, committed 17024K, reserved 1048576K
}
Event: 1058.450 GC heap after
{Heap after GC invocations=60 (full 0):
 garbage-first heap   total 225280K, used 155480K [0x0000000080000000, 0x0000000100000000)
  region size 1024K, 1 young (1024K), 1 survivors (1024K)
 Metaspace       used 124459K, capacity 127774K, committed 127872K, reserved 1161216K
  class space    used 15732K, capacity 16936K, committed 17024K, reserved 1048576K
}

